0 info it worked if it ends with ok
1 verbose cli [ 'node',
1 verbose cli   '/usr/local/bin/npm',
1 verbose cli   'install',
1 verbose cli   'angular-material',
1 verbose cli   '--save' ]
2 info using npm@1.4.28
3 info using node@v0.10.32
4 warn package.json rawder@0.1.0 No repository field.
5 warn package.json cookiejar@1.3.0 No repository field.
6 warn package.json dateformat@1.0.2-1.2.3 No repository field.
7 warn package.json emitter-component@1.0.0 No repository field.
8 warn package.json n-deep-merge@0.0.1 No repository field.
9 warn package.json string_decoder@0.10.31 string_decoder is also the name of a node core module.
10 verbose readDependencies using package.json deps
11 verbose cache add [ 'angular-material', null ]
12 verbose cache add name=undefined spec="angular-material" args=["angular-material",null]
13 verbose parsed url { protocol: null,
13 verbose parsed url   slashes: null,
13 verbose parsed url   auth: null,
13 verbose parsed url   host: null,
13 verbose parsed url   port: null,
13 verbose parsed url   hostname: null,
13 verbose parsed url   hash: null,
13 verbose parsed url   search: null,
13 verbose parsed url   query: null,
13 verbose parsed url   pathname: 'angular-material',
13 verbose parsed url   path: 'angular-material',
13 verbose parsed url   href: 'angular-material' }
14 silly lockFile 570d18db-angular-material angular-material
15 verbose lock angular-material /Users/f604306/.npm/570d18db-angular-material.lock
16 silly lockFile 570d18db-angular-material angular-material
17 silly lockFile 570d18db-angular-material angular-material
18 verbose addNamed [ 'angular-material', '' ]
19 verbose addNamed [ null, '*' ]
20 silly lockFile 680f893f-angular-material angular-material@
21 verbose lock angular-material@ /Users/f604306/.npm/680f893f-angular-material.lock
22 silly addNameRange { name: 'angular-material', range: '*', hasData: false }
23 verbose request where is /angular-material
24 verbose request registry https://npm-digital.jpmchase.net/
25 verbose request id f8dc316051c61821
26 verbose url raw /angular-material
27 verbose url resolving [ 'https://npm-digital.jpmchase.net/', './angular-material' ]
28 verbose url resolved https://npm-digital.jpmchase.net/angular-material
29 verbose request where is https://npm-digital.jpmchase.net/angular-material
30 info trying registry request attempt 1 at 18:30:13
31 http GET https://npm-digital.jpmchase.net/angular-material
32 info retry will retry, error on last attempt: Error: getaddrinfo ENOTFOUND
33 info trying registry request attempt 2 at 18:30:23
34 http GET https://npm-digital.jpmchase.net/angular-material
35 info retry will retry, error on last attempt: Error: getaddrinfo ENOTFOUND
36 info trying registry request attempt 3 at 18:31:23
37 http GET https://npm-digital.jpmchase.net/angular-material
38 silly lockFile 680f893f-angular-material angular-material@
39 silly lockFile 680f893f-angular-material angular-material@
40 error network getaddrinfo ENOTFOUND
40 error network This is most likely not a problem with npm itself
40 error network and is related to network connectivity.
40 error network In most cases you are behind a proxy or have bad network settings.
40 error network
40 error network If you are behind a proxy, please make sure that the
40 error network 'proxy' config is set properly.  See: 'npm help config'
41 error System Darwin 14.5.0
42 error command "node" "/usr/local/bin/npm" "install" "angular-material" "--save"
43 error cwd /Users/f604306/Desktop/rawder
44 error node -v v0.10.32
45 error npm -v 1.4.28
46 error syscall getaddrinfo
47 error code ENOTFOUND
48 error errno ENOTFOUND
49 verbose exit [ 1, true ]
